<?xml version="1.0" encoding="UTF-8"?>
<coverage generated="1673861987089" clover="3.2.0">
  <project timestamp="1673861987089" name="All files">
    <metrics statements="22" coveredstatements="21" conditionals="6" coveredconditionals="6" methods="6" coveredmethods="5" elements="34" coveredelements="32" complexity="0" loc="22" ncloc="22" packages="1" files="1" classes="1"/>
    <file name="GuessAge.vue" path="/Users/elzodxon/WebstormProjects/vue-3-boilerplate/src/components/GuessAge/GuessAge.vue">
      <metrics statements="22" coveredstatements="21" conditionals="6" coveredconditionals="6" methods="6" coveredmethods="5"/>
      <line num="3" count="1" type="stmt"/>
      <line num="5" count="1" type="stmt"/>
      <line num="12" count="1" type="stmt"/>
      <line num="13" count="1" type="stmt"/>
      <line num="14" count="1" type="stmt"/>
      <line num="16" count="1" type="stmt"/>
      <line num="17" count="1" type="stmt"/>
      <line num="20" count="0" type="cond" truecount="2" falsecount="0"/>
      <line num="24" count="1" type="stmt"/>
      <line num="25" count="1" type="stmt"/>
      <line num="26" count="1" type="cond" truecount="4" falsecount="0"/>
      <line num="27" count="1" type="stmt"/>
      <line num="28" count="1" type="stmt"/>
      <line num="29" count="1" type="stmt"/>
      <line num="30" count="1" type="stmt"/>
      <line num="39" count="1" type="stmt"/>
      <line num="41" count="2" type="stmt"/>
      <line num="49" count="1" type="stmt"/>
      <line num="50" count="1" type="stmt"/>
      <line num="52" count="1" type="stmt"/>
      <line num="53" count="1" type="stmt"/>
      <line num="54" count="1" type="stmt"/>
    </file>
  </project>
</coverage>
