{"/Users/elzodxon/WebstormProjects/vue-3-boilerplate/src/components/GuessAge/GuessAge.vue": {"path":"/Users/elzodxon/WebstormProjects/vue-3-boilerplate/src/components/GuessAge/GuessAge.vue","statementMap":{"0":{"start":{"line":39,"column":15},"end":{"line":58,"column":1}},"1":{"start":{"line":41,"column":4},"end":{"line":45,"column":6}},"2":{"start":{"line":49,"column":6},"end":{"line":55,"column":11}},"3":{"start":{"line":50,"column":28},"end":{"line":50,"column":43}},"4":{"start":{"line":52,"column":10},"end":{"line":52,"column":30}},"5":{"start":{"line":53,"column":10},"end":{"line":53,"column":37}},"6":{"start":{"line":54,"column":10},"end":{"line":54,"column":27}},"7":{"start":{"line":3,"column":7},"end":{"line":3,"column":null}},"8":{"start":{"line":5,"column":6},"end":{"line":10,"column":null}},"9":{"start":{"line":12,"column":6},"end":{"line":12,"column":null}},"10":{"start":{"line":13,"column":46},"end":{"line":13,"column":null}},"11":{"start":{"line":14,"column":34},"end":{"line":14,"column":null}},"12":{"start":{"line":16,"column":4},"end":{"line":16,"column":16}},"13":{"start":{"line":16,"column":10},"end":{"line":16,"column":null}},"14":{"start":{"line":17,"column":4},"end":{"line":17,"column":36}},"15":{"start":{"line":17,"column":36},"end":{"line":17,"column":null}},"16":{"start":{"line":24,"column":4},"end":{"line":24,"column":null}},"17":{"start":{"line":25,"column":4},"end":{"line":25,"column":null}},"18":{"start":{"line":27,"column":4},"end":{"line":27,"column":null}},"19":{"start":{"line":28,"column":4},"end":{"line":28,"column":null}},"20":{"start":{"line":29,"column":4},"end":{"line":29,"column":null}},"21":{"start":{"line":30,"column":39},"end":{"line":30,"column":66}},"22":{"start":{"line":20,"column":15},"end":{"line":20,"column":null}},"23":{"start":{"line":26,"column":34},"end":{"line":26,"column":40}}},"fnMap":{"0":{"name":"(anonymous_1)","decl":{"start":{"line":40,"column":2},"end":{"line":40,"column":3}},"loc":{"start":{"line":40,"column":9},"end":{"line":46,"column":3}}},"1":{"name":"(anonymous_2)","decl":{"start":{"line":48,"column":4},"end":{"line":48,"column":5}},"loc":{"start":{"line":48,"column":13},"end":{"line":56,"column":5}}},"2":{"name":"(anonymous_3)","decl":{"start":{"line":50,"column":14},"end":{"line":50,"column":15}},"loc":{"start":{"line":50,"column":28},"end":{"line":50,"column":43}}},"3":{"name":"(anonymous_4)","decl":{"start":{"line":51,"column":14},"end":{"line":51,"column":15}},"loc":{"start":{"line":51,"column":24},"end":{"line":55,"column":9}}},"4":{"name":"(anonymous_6)","decl":{"start":{"line":20,"column":15},"end":{"line":20,"column":21}},"loc":{"start":{"line":20,"column":15},"end":{"line":20,"column":null}}},"5":{"name":"(anonymous_7)","decl":{"start":{"line":26,"column":32},"end":{"line":26,"column":34}},"loc":{"start":{"line":26,"column":34},"end":{"line":26,"column":40}}}},"branchMap":{"0":{"loc":{"start":{"line":20,"column":15},"end":{"line":20,"column":null}},"type":"binary-expr","locations":[{"start":{"line":20,"column":15},"end":{"line":20,"column":21}},{"start":{"line":20,"column":15},"end":{"line":20,"column":null}}]},"1":{"loc":{"start":{"line":26,"column":32},"end":{"line":26,"column":42}},"type":"binary-expr","locations":[{"start":{"line":26,"column":32},"end":{"line":26,"column":34}},{"start":{"line":26,"column":32},"end":{"line":26,"column":42}}]},"2":{"loc":{"start":{"line":26,"column":34},"end":{"line":26,"column":40}},"type":"binary-expr","locations":[{"start":{"line":26,"column":34},"end":{"line":26,"column":40}},{"start":{"line":26,"column":34},"end":{"line":26,"column":40}}]}},"s":{"0":1,"1":2,"2":1,"3":1,"4":1,"5":1,"6":1,"7":1,"8":1,"9":1,"10":1,"11":1,"12":1,"13":1,"14":1,"15":1,"16":1,"17":1,"18":1,"19":1,"20":1,"21":1,"22":0,"23":1},"f":{"0":2,"1":1,"2":1,"3":1,"4":0,"5":1},"b":{"0":[3,2],"1":[3,2],"2":[1,1]}}
}
